This is XeTeX, Version 3.141592653-2.6-0.999994 (MiKTeX 22.3) (preloaded format=xelatex 2022.6.25)  5 JUL 2022 16:56
entering extended mode
 restricted \write18 enabled.
 %&-line parsing enabled.
**./1_6_34.tex
(1_6_34.tex
LaTeX2e <2022-06-01> pre-release-0 (develop 2022-6-25 branch)
L3 programming layer <2022-06-02>

! LaTeX Error: Missing \begin{document}.

See the LaTeX manual or LaTeX Companion for explanation.
Type  H <return>  for immediate help.
 ...                                              
                                                  
l.1 P
     rove that if $W_1$ is any subspace of a finite-dimensional vector space...

You're in trouble here.  Try typing  <return>  to proceed.
If that doesn't work, type  X <return>  to quit.

Missing character: There is no P in font nullfont!
Missing character: There is no r in font nullfont!
Missing character: There is no o in font nullfont!
Missing character: There is no v in font nullfont!
Missing character: There is no e in font nullfont!
Missing character: There is no t in font nullfont!
Missing character: There is no h in font nullfont!
Missing character: There is no a in font nullfont!
Missing character: There is no t in font nullfont!
Missing character: There is no i in font nullfont!
Missing character: There is no f in font nullfont!
LaTeX Font Info:    External font `cmex10' loaded for size
(Font)              <7> on input line 1.
LaTeX Font Info:    External font `cmex10' loaded for size
(Font)              <5> on input line 1.
Missing character: There is no i in font nullfont!
Missing character: There is no s in font nullfont!
Missing character: There is no a in font nullfont!
Missing character: There is no n in font nullfont!
Missing character: There is no y in font nullfont!
Missing character: There is no s in font nullfont!
Missing character: There is no u in font nullfont!
Missing character: There is no b in font nullfont!
Missing character: There is no s in font nullfont!
Missing character: There is no p in font nullfont!
Missing character: There is no a in font nullfont!
Missing character: There is no c in font nullfont!
Missing character: There is no e in font nullfont!
Missing character: There is no o in font nullfont!
Missing character: There is no f in font nullfont!
Missing character: There is no a in font nullfont!
Missing character: There is no f in font nullfont!
Missing character: There is no i in font nullfont!
Missing character: There is no n in font nullfont!
Missing character: There is no i in font nullfont!
Missing character: There is no t in font nullfont!
Missing character: There is no e in font nullfont!
Missing character: There is no - in font nullfont!
Missing character: There is no d in font nullfont!
Missing character: There is no i in font nullfont!
Missing character: There is no m in font nullfont!
Missing character: There is no e in font nullfont!
Missing character: There is no n in font nullfont!
Missing character: There is no s in font nullfont!
Missing character: There is no i in font nullfont!
Missing character: There is no o in font nullfont!
Missing character: There is no n in font nullfont!
Missing character: There is no a in font nullfont!
Missing character: There is no l in font nullfont!
Missing character: There is no v in font nullfont!
Missing character: There is no e in font nullfont!
Missing character: There is no c in font nullfont!
Missing character: There is no t in font nullfont!
Missing character: There is no o in font nullfont!
Missing character: There is no r in font nullfont!
Missing character: There is no s in font nullfont!
Missing character: There is no p in font nullfont!
Missing character: There is no a in font nullfont!
Missing character: There is no c in font nullfont!
Missing character: There is no e in font nullfont!
Missing character: There is no V in font nullfont!
Missing character: There is no , in font nullfont!
Missing character: There is no t in font nullfont!
Missing character: There is no h in font nullfont!
Missing character: There is no e in font nullfont!
Missing character: There is no n in font nullfont!
Missing character: There is no t in font nullfont!
Missing character: There is no h in font nullfont!
Missing character: There is no e in font nullfont!
Missing character: There is no r in font nullfont!
Missing character: There is no e in font nullfont!
Missing character: There is no e in font nullfont!
Missing character: There is no x in font nullfont!
Missing character: There is no i in font nullfont!
Missing character: There is no s in font nullfont!
Missing character: There is no t in font nullfont!
Missing character: There is no s in font nullfont!
Missing character: There is no a in font nullfont!
Missing character: There is no s in font nullfont!
Missing character: There is no u in font nullfont!
Missing character: There is no b in font nullfont!
Missing character: There is no s in font nullfont!
Missing character: There is no p in font nullfont!
Missing character: There is no a in font nullfont!
Missing character: There is no c in font nullfont!
Missing character: There is no e in font nullfont!
Missing character: There is no o in font nullfont!
Missing character: There is no f in font nullfont!
Missing character: There is no V in font nullfont!
Missing character: There is no s in font nullfont!
Missing character: There is no u in font nullfont!
Missing character: There is no c in font nullfont!
Missing character: There is no h in font nullfont!
Missing character: There is no t in font nullfont!
Missing character: There is no h in font nullfont!
Missing character: There is no a in font nullfont!
Missing character: There is no t in font nullfont!
Missing character: There is no V in font nullfont!
Missing character: There is no = in font nullfont!

Overfull \hbox (20.0pt too wide) in paragraph at lines 1--2
[]
 []


Overfull \hbox (13.93057pt too wide) in paragraph at lines 1--2
\OML/cmm/m/it/10 W[]$
 []


Overfull \hbox (13.93057pt too wide) in paragraph at lines 1--2
\OML/cmm/m/it/10 W[]$
 []


Overfull \hbox (42.30554pt too wide) in paragraph at lines 1--2
\OML/cmm/m/it/10 W[] [] W[]$ 
 []


! LaTeX Error: Environment tcolorbox undefined.

See the LaTeX manual or LaTeX Companion for explanation.
Type  H <return>  for immediate help.
 ...                                              
                                                  
l.3 \begin{tcolorbox}
                     
Your command was ignored.
Type  I <command> <return>  to replace it with another command,
or  <return>  to continue without it.


! LaTeX Error: Environment solution undefined.

See the LaTeX manual or LaTeX Companion for explanation.
Type  H <return>  for immediate help.
 ...                                              
                                                  
l.4 ^^I\begin{solution}
                       
Your command was ignored.
Type  I <command> <return>  to replace it with another command,
or  <return>  to continue without it.


! LaTeX Error: Missing \begin{document}.

See the LaTeX manual or LaTeX Companion for explanation.
Type  H <return>  for immediate help.
 ...                                              
                                                  
l.5 ^^I^^Il
           et $\beta_1 = \sett{v_1,v_2,\cdots,v_m}$,dim(V) = $n$
You're in trouble here.  Try typing  <return>  to proceed.
If that doesn't work, type  X <return>  to quit.

Missing character: There is no l in font nullfont!
Missing character: There is no e in font nullfont!
Missing character: There is no t in font nullfont!
! Undefined control sequence.
l.5 ^^I^^Ilet $\beta_1 = \sett
                              {v_1,v_2,\cdots,v_m}$,dim(V) = $n$
The control sequence at the end of the top line
of your error message was never \def'ed. If you have
misspelled it (e.g., `\hobx'), type `I' and the correct
spelling (e.g., `I\hbox'). Otherwise just continue,
and I'll forget about whatever was undefined.

Missing character: There is no , in font nullfont!
Missing character: There is no d in font nullfont!
Missing character: There is no i in font nullfont!
Missing character: There is no m in font nullfont!
Missing character: There is no ( in font nullfont!
Missing character: There is no V in font nullfont!
Missing character: There is no ) in font nullfont!
Missing character: There is no = in font nullfont!

Overfull \hbox (20.0pt too wide) in paragraph at lines 5--6
[]
 []


Overfull \hbox (20.69789pt too wide) in paragraph at lines 5--6
\OML/cmm/m/it/10 ^^L[] \OT1/cmr/m/n/10 =
 []


Overfull \hbox (57.77654pt too wide) in paragraph at lines 5--6
[]$
 []


Overfull \hbox (6.00235pt too wide) in paragraph at lines 5--6
\OML/cmm/m/it/10 n$ 
 []


! LaTeX Error: Missing \begin{document}.

See the LaTeX manual or LaTeX Companion for explanation.
Type  H <return>  for immediate help.
 ...                                              
                                                  
l.7 ^^I^^Ib
           y Corollary of Replacement Theorem, Every linearly independent su...

You're in trouble here.  Try typing  <return>  to proceed.
If that doesn't work, type  X <return>  to quit.

Missing character: There is no b in font nullfont!
Missing character: There is no y in font nullfont!
Missing character: There is no C in font nullfont!
Missing character: There is no o in font nullfont!
Missing character: There is no r in font nullfont!
Missing character: There is no o in font nullfont!
Missing character: There is no l in font nullfont!
Missing character: There is no l in font nullfont!
Missing character: There is no a in font nullfont!
Missing character: There is no r in font nullfont!
Missing character: There is no y in font nullfont!
Missing character: There is no o in font nullfont!
Missing character: There is no f in font nullfont!
Missing character: There is no R in font nullfont!
Missing character: There is no e in font nullfont!
Missing character: There is no p in font nullfont!
Missing character: There is no l in font nullfont!
Missing character: There is no a in font nullfont!
Missing character: There is no c in font nullfont!
Missing character: There is no e in font nullfont!
Missing character: There is no m in font nullfont!
Missing character: There is no e in font nullfont!
Missing character: There is no n in font nullfont!
Missing character: There is no t in font nullfont!
Missing character: There is no T in font nullfont!
Missing character: There is no h in font nullfont!
Missing character: There is no e in font nullfont!
Missing character: There is no o in font nullfont!
Missing character: There is no r in font nullfont!
Missing character: There is no e in font nullfont!
Missing character: There is no m in font nullfont!
Missing character: There is no , in font nullfont!
Missing character: There is no E in font nullfont!
Missing character: There is no v in font nullfont!
Missing character: There is no e in font nullfont!
Missing character: There is no r in font nullfont!
Missing character: There is no y in font nullfont!
Missing character: There is no l in font nullfont!
Missing character: There is no i in font nullfont!
Missing character: There is no n in font nullfont!
Missing character: There is no e in font nullfont!
Missing character: There is no a in font nullfont!
Missing character: There is no r in font nullfont!
Missing character: There is no l in font nullfont!
Missing character: There is no y in font nullfont!
Missing character: There is no i in font nullfont!
Missing character: There is no n in font nullfont!
Missing character: There is no d in font nullfont!
Missing character: There is no e in font nullfont!
Missing character: There is no p in font nullfont!
Missing character: There is no e in font nullfont!
Missing character: There is no n in font nullfont!
Missing character: There is no d in font nullfont!
Missing character: There is no e in font nullfont!
Missing character: There is no n in font nullfont!
Missing character: There is no t in font nullfont!
Missing character: There is no s in font nullfont!
Missing character: There is no u in font nullfont!
Missing character: There is no b in font nullfont!
Missing character: There is no s in font nullfont!
Missing character: There is no e in font nullfont!
Missing character: There is no t in font nullfont!
Missing character: There is no o in font nullfont!
Missing character: There is no f in font nullfont!
Missing character: There is no V in font nullfont!
Missing character: There is no c in font nullfont!
Missing character: There is no a in font nullfont!
Missing character: There is no n in font nullfont!
Missing character: There is no b in font nullfont!
Missing character: There is no e in font nullfont!
Missing character: There is no e in font nullfont!
Missing character: There is no x in font nullfont!
Missing character: There is no t in font nullfont!
Missing character: There is no e in font nullfont!
Missing character: There is no n in font nullfont!
Missing character: There is no d in font nullfont!
Missing character: There is no e in font nullfont!
Missing character: There is no d in font nullfont!
Missing character: There is no t in font nullfont!
Missing character: There is no o in font nullfont!
Missing character: There is no a in font nullfont!
Missing character: There is no b in font nullfont!
Missing character: There is no a in font nullfont!
Missing character: There is no s in font nullfont!
Missing character: There is no i in font nullfont!
Missing character: There is no s in font nullfont!
Missing character: There is no f in font nullfont!
Missing character: There is no o in font nullfont!
Missing character: There is no r in font nullfont!
Missing character: There is no V in font nullfont!

Overfull \hbox (20.0pt too wide) in paragraph at lines 7--8
[]
 []


! LaTeX Error: Missing \begin{document}.

See the LaTeX manual or LaTeX Companion for explanation.
Type  H <return>  for immediate help.
 ...                                              
                                                  
l.9 ^^I^^I$
           \Rightarrow \exists \beta = \sett{v_1,v_2,\cdots,v_m,u_1,u_2,\cdo...

You're in trouble here.  Try typing  <return>  to proceed.
If that doesn't work, type  X <return>  to quit.

! Undefined control sequence.
l.9 ^^I^^I$\Rightarrow \exists \beta = \sett
                                            {v_1,v_2,\cdots,v_m,u_1,u_2,\cdo...
The control sequence at the end of the top line
of your error message was never \def'ed. If you have
misspelled it (e.g., `\hobx'), type `I' and the correct
spelling (e.g., `I\hbox'). Otherwise just continue,
and I'll forget about whatever was undefined.

Missing character: There is no i in font nullfont!
Missing character: There is no s in font nullfont!
Missing character: There is no a in font nullfont!
Missing character: There is no b in font nullfont!
Missing character: There is no a in font nullfont!
Missing character: There is no s in font nullfont!
Missing character: There is no i in font nullfont!
Missing character: There is no s in font nullfont!
Missing character: There is no o in font nullfont!
Missing character: There is no f in font nullfont!
Missing character: There is no V in font nullfont!

Overfull \hbox (30.00002pt too wide) in paragraph at lines 9--10
[]$\OMS/cmsy/m/n/10 )
 []


Overfull \hbox (22.2951pt too wide) in paragraph at lines 9--10
\OMS/cmsy/m/n/10 9\OML/cmm/m/it/10 ^^L \OT1/cmr/m/n/10 =
 []


Overfull \hbox (133.82288pt too wide) in paragraph at lines 9--10
[]$
 []


! LaTeX Error: Missing \begin{document}.

See the LaTeX manual or LaTeX Companion for explanation.
Type  H <return>  for immediate help.
 ...                                              
                                                  
l.11 ^^I^^Il
            et $W_2 = \text{span$(\{u_1,u_2,\cdots,u_{n-m}\})$}$
You're in trouble here.  Try typing  <return>  to proceed.
If that doesn't work, type  X <return>  to quit.

Missing character: There is no l in font nullfont!
Missing character: There is no e in font nullfont!
Missing character: There is no t in font nullfont!
! Undefined control sequence.
l.11 ^^I^^Ilet $W_2 = \text
                           {span$(\{u_1,u_2,\cdots,u_{n-m}\})$}$
The control sequence at the end of the top line
of your error message was never \def'ed. If you have
misspelled it (e.g., `\hobx'), type `I' and the correct
spelling (e.g., `I\hbox'). Otherwise just continue,
and I'll forget about whatever was undefined.

! Missing } inserted.
<inserted text> 
                }
l.11 ^^I^^Ilet $W_2 = \text{span$
                                 (\{u_1,u_2,\cdots,u_{n-m}\})$}$
I've inserted something that you may have forgotten.
(See the <inserted text> above.)
With luck, this will get me unwedged. But if you
really didn't forget anything, try typing `2' now; then
my insertion and my current dilemma will both disappear.

Missing character: There is no ( in font nullfont!
LaTeX Font Info:    Trying to load font information for OMS+lmr on input line 1
1.
(C:\Users\Hermize\AppData\Local\Programs\MiKTeX\tex/latex/lm\omslmr.fd
File: omslmr.fd 2015/05/01 v1.6.1 Font defs for Latin Modern
)
LaTeX Font Info:    Trying to load font information for OMS+lmsy on input line 
11.

(C:\Users\Hermize\AppData\Local\Programs\MiKTeX\tex/latex/lm\omslmsy.fd
File: omslmsy.fd 2015/05/01 v1.6.1 Font defs for Latin Modern
)
LaTeX Font Info:    Font shape `OMS/lmr/m/n' in size <10> not available
(Font)              Font shape `OMS/lmsy/m/n' tried instead on input line 11.

Missing character: There is no u in font nullfont!
! Missing $ inserted.
<inserted text> 
                $
l.11 ^^I^^Ilet $W_2 = \text{span$(\{u_
                                      1,u_2,\cdots,u_{n-m}\})$}$
I've inserted a begin-math/end-math symbol since I think
you left one out. Proceed, with fingers crossed.

! Extra }, or forgotten \endgroup.
l.11 ... \text{span$(\{u_1,u_2,\cdots,u_{n-m}\})$}
                                                  $
I've deleted a group-closing symbol because it seems to be
spurious, as in `$x}$'. But perhaps the } is legitimate and
you forgot something else, as in `\hbox{$x}'. In such cases
the way to recover is to insert both the forgotten and the
deleted material, e.g., by typing `I$}'.

! Missing $ inserted.
<inserted text> 
                $
l.12 ^^I^^I
           
I've inserted a begin-math/end-math symbol since I think
you left one out. Proceed, with fingers crossed.


Overfull \hbox (20.0pt too wide) in paragraph at lines 11--12
[]
 []


Overfull \hbox (24.48608pt too wide) in paragraph at lines 11--12
\OML/cmm/m/it/10 W[] \OT1/cmr/m/n/10 =
 []


Overfull \hbox (100.77327pt too wide) in paragraph at lines 11--12
[]$\OMS/lmsy/m/n/10 f$[]\OML/cmm/m/it/10 ; u[]; [] ; u[]\OMS/cmsy/m/n/10 g\OT1/
cmr/m/n/10 )$$$ 
 []


! LaTeX Error: Missing \begin{document}.

See the LaTeX manual or LaTeX Companion for explanation.
Type  H <return>  for immediate help.
 ...                                              
                                                  
l.13 ^^I^^I$
            \because u_1,u_2,\cdots,u_{n-m} \in V,V$ is a vector space
You're in trouble here.  Try typing  <return>  to proceed.
If that doesn't work, type  X <return>  to quit.

! Undefined control sequence.
<recently read> \because 
                         
l.13 ^^I^^I$\because
                     u_1,u_2,\cdots,u_{n-m} \in V,V$ is a vector space
The control sequence at the end of the top line
of your error message was never \def'ed. If you have
misspelled it (e.g., `\hobx'), type `I' and the correct
spelling (e.g., `I\hbox'). Otherwise just continue,
and I'll forget about whatever was undefined.

Missing character: There is no i in font nullfont!
Missing character: There is no s in font nullfont!
Missing character: There is no a in font nullfont!
Missing character: There is no v in font nullfont!
Missing character: There is no e in font nullfont!
Missing character: There is no c in font nullfont!
Missing character: There is no t in font nullfont!
Missing character: There is no o in font nullfont!
Missing character: There is no r in font nullfont!
Missing character: There is no s in font nullfont!
Missing character: There is no p in font nullfont!
Missing character: There is no a in font nullfont!
Missing character: There is no c in font nullfont!
Missing character: There is no e in font nullfont!

Overfull \hbox (101.04633pt too wide) in paragraph at lines 13--14
[]$\OML/cmm/m/it/10 u[]; u[]; [] ; u[] \OMS/cmsy/m/n/10 2
 []


Overfull \hbox (18.88885pt too wide) in paragraph at lines 13--14
\OML/cmm/m/it/10 V; V$
 []


! LaTeX Error: Missing \begin{document}.

See the LaTeX manual or LaTeX Companion for explanation.
Type  H <return>  for immediate help.
 ...                                              
                                                  
l.15 ^^I^^Ib
            y Thm 1.5, the span of any subset S of a vector space V is a sub...

You're in trouble here.  Try typing  <return>  to proceed.
If that doesn't work, type  X <return>  to quit.

Missing character: There is no b in font nullfont!
Missing character: There is no y in font nullfont!
Missing character: There is no T in font nullfont!
Missing character: There is no h in font nullfont!
Missing character: There is no m in font nullfont!
Missing character: There is no 1 in font nullfont!
Missing character: There is no . in font nullfont!
Missing character: There is no 5 in font nullfont!
Missing character: There is no , in font nullfont!
Missing character: There is no t in font nullfont!
Missing character: There is no h in font nullfont!
Missing character: There is no e in font nullfont!
Missing character: There is no s in font nullfont!
Missing character: There is no p in font nullfont!
Missing character: There is no a in font nullfont!
Missing character: There is no n in font nullfont!
Missing character: There is no o in font nullfont!
Missing character: There is no f in font nullfont!
Missing character: There is no a in font nullfont!
Missing character: There is no n in font nullfont!
Missing character: There is no y in font nullfont!
Missing character: There is no s in font nullfont!
Missing character: There is no u in font nullfont!
Missing character: There is no b in font nullfont!
Missing character: There is no s in font nullfont!
Missing character: There is no e in font nullfont!
Missing character: There is no t in font nullfont!
Missing character: There is no S in font nullfont!
Missing character: There is no o in font nullfont!
Missing character: There is no f in font nullfont!
Missing character: There is no a in font nullfont!
Missing character: There is no v in font nullfont!
Missing character: There is no e in font nullfont!
Missing character: There is no c in font nullfont!
Missing character: There is no t in font nullfont!
Missing character: There is no o in font nullfont!
Missing character: There is no r in font nullfont!
Missing character: There is no s in font nullfont!
Missing character: There is no p in font nullfont!
Missing character: There is no a in font nullfont!
Missing character: There is no c in font nullfont!
Missing character: There is no e in font nullfont!
Missing character: There is no V in font nullfont!
Missing character: There is no i in font nullfont!
Missing character: There is no s in font nullfont!
Missing character: There is no a in font nullfont!
Missing character: There is no s in font nullfont!
Missing character: There is no u in font nullfont!
Missing character: There is no b in font nullfont!
Missing character: There is no s in font nullfont!
Missing character: There is no p in font nullfont!
Missing character: There is no a in font nullfont!
Missing character: There is no c in font nullfont!
Missing character: There is no e in font nullfont!
Missing character: There is no . in font nullfont!

Overfull \hbox (20.0pt too wide) in paragraph at lines 15--16
[]
 []


! LaTeX Error: Missing \begin{document}.

See the LaTeX manual or LaTeX Companion for explanation.
Type  H <return>  for immediate help.
 ...                                              
                                                  
l.17 ^^I^^I$
            \therefore W_2$ is a subspace of V
You're in trouble here.  Try typing  <return>  to proceed.
If that doesn't work, type  X <return>  to quit.

! Undefined control sequence.
<recently read> \therefore 
                           
l.17 ^^I^^I$\therefore
                       W_2$ is a subspace of V
The control sequence at the end of the top line
of your error message was never \def'ed. If you have
misspelled it (e.g., `\hobx'), type `I' and the correct
spelling (e.g., `I\hbox'). Otherwise just continue,
and I'll forget about whatever was undefined.

Missing character: There is no i in font nullfont!
Missing character: There is no s in font nullfont!
Missing character: There is no a in font nullfont!
Missing character: There is no s in font nullfont!
Missing character: There is no u in font nullfont!
Missing character: There is no b in font nullfont!
Missing character: There is no s in font nullfont!
Missing character: There is no p in font nullfont!
Missing character: There is no a in font nullfont!
Missing character: There is no c in font nullfont!
Missing character: There is no e in font nullfont!
Missing character: There is no o in font nullfont!
Missing character: There is no f in font nullfont!
Missing character: There is no V in font nullfont!

Overfull \hbox (33.93057pt too wide) in paragraph at lines 17--18
[]$\OML/cmm/m/it/10 W[]$
 []


! LaTeX Error: Missing \begin{document}.

See the LaTeX manual or LaTeX Companion for explanation.
Type  H <return>  for immediate help.
 ...                                              
                                                  
l.19 ^^I^^I\textbf{Claim.}
                           $W_1 \cap W_2 = \{0\}$
You're in trouble here.  Try typing  <return>  to proceed.
If that doesn't work, type  X <return>  to quit.


Overfull \hbox (53.05pt too wide) in paragraph at lines 19--20
[]\TU/lmr/bx/n/10 Claim.
 []


Overfull \hbox (20.59726pt too wide) in paragraph at lines 19--20
\OML/cmm/m/it/10 W[] \OMS/cmsy/m/n/10 \
 []


Overfull \hbox (24.48608pt too wide) in paragraph at lines 19--20
\OML/cmm/m/it/10 W[] \OT1/cmr/m/n/10 =
 []


Overfull \hbox (15.00005pt too wide) in paragraph at lines 19--20
\OMS/cmsy/m/n/10 f\OT1/cmr/m/n/10 0\OMS/cmsy/m/n/10 g$ 
 []


! LaTeX Error: Missing \begin{document}.

See the LaTeX manual or LaTeX Companion for explanation.
Type  H <return>  for immediate help.
 ...                                              
                                                  
l.21 ^^I^^I$
            \because W_1,W_2$ is a subspace of V
You're in trouble here.  Try typing  <return>  to proceed.
If that doesn't work, type  X <return>  to quit.

! Undefined control sequence.
<recently read> \because 
                         
l.21 ^^I^^I$\because
                     W_1,W_2$ is a subspace of V
The control sequence at the end of the top line
of your error message was never \def'ed. If you have
misspelled it (e.g., `\hobx'), type `I' and the correct
spelling (e.g., `I\hbox'). Otherwise just continue,
and I'll forget about whatever was undefined.

Missing character: There is no i in font nullfont!
Missing character: There is no s in font nullfont!
Missing character: There is no a in font nullfont!
Missing character: There is no s in font nullfont!
Missing character: There is no u in font nullfont!
Missing character: There is no b in font nullfont!
Missing character: There is no s in font nullfont!
Missing character: There is no p in font nullfont!
Missing character: There is no a in font nullfont!
Missing character: There is no c in font nullfont!
Missing character: There is no e in font nullfont!
Missing character: There is no o in font nullfont!
Missing character: There is no f in font nullfont!
Missing character: There is no V in font nullfont!

Overfull \hbox (52.30556pt too wide) in paragraph at lines 21--22
[]$\OML/cmm/m/it/10 W[]; W[]$
 []


! LaTeX Error: Missing \begin{document}.

See the LaTeX manual or LaTeX Companion for explanation.
Type  H <return>  for immediate help.
 ...                                              
                                                  
l.23 ^^I^^I$
            \therefore 0 \in W_1 , W_2$
You're in trouble here.  Try typing  <return>  to proceed.
If that doesn't work, type  X <return>  to quit.

! Undefined control sequence.
<recently read> \therefore 
                           
l.23 ^^I^^I$\therefore
                       0 \in W_1 , W_2$
The control sequence at the end of the top line
of your error message was never \def'ed. If you have
misspelled it (e.g., `\hobx'), type `I' and the correct
spelling (e.g., `I\hbox'). Otherwise just continue,
and I'll forget about whatever was undefined.


Overfull \hbox (34.44441pt too wide) in paragraph at lines 23--24
[]$\OT1/cmr/m/n/10 0 \OMS/cmsy/m/n/10 2
 []


Overfull \hbox (32.30556pt too wide) in paragraph at lines 23--24
\OML/cmm/m/it/10 W[]; W[]$ 
 []


! LaTeX Error: Missing \begin{document}.

See the LaTeX manual or LaTeX Companion for explanation.
Type  H <return>  for immediate help.
 ...                                              
                                                  
l.25 ^^I^^Ia
            ssume $\exists$ vector $r \in V~,~ r \in W_1~,~ r \in W_2~,~ r \...

You're in trouble here.  Try typing  <return>  to proceed.
If that doesn't work, type  X <return>  to quit.

Missing character: There is no a in font nullfont!
Missing character: There is no s in font nullfont!
Missing character: There is no s in font nullfont!
Missing character: There is no u in font nullfont!
Missing character: There is no m in font nullfont!
Missing character: There is no e in font nullfont!
Missing character: There is no v in font nullfont!
Missing character: There is no e in font nullfont!
Missing character: There is no c in font nullfont!
Missing character: There is no t in font nullfont!
Missing character: There is no o in font nullfont!
Missing character: There is no r in font nullfont!

Overfull \hbox (20.0pt too wide) in paragraph at lines 25--26
[]
 []


Overfull \hbox (5.55557pt too wide) in paragraph at lines 25--26
\OMS/cmsy/m/n/10 9$
 []


Overfull \hbox (14.23376pt too wide) in paragraph at lines 25--26
\OML/cmm/m/it/10 r \OMS/cmsy/m/n/10 2
 []


Overfull \hbox (26.73373pt too wide) in paragraph at lines 25--26
\OML/cmm/m/it/10 V [];  []r \OMS/cmsy/m/n/10 2
 []


Overfull \hbox (32.60875pt too wide) in paragraph at lines 25--26
\OML/cmm/m/it/10 W[] [];  []r \OMS/cmsy/m/n/10 2
 []


Overfull \hbox (33.71986pt too wide) in paragraph at lines 25--26
\OML/cmm/m/it/10 W[] [];  []r \OMS/cmsy/m/n/10 6\OT1/cmr/m/n/10 =
 []


Overfull \hbox (5.00002pt too wide) in paragraph at lines 25--26
\OT1/cmr/m/n/10 0$ 
 []


! LaTeX Error: Missing \begin{document}.

See the LaTeX manual or LaTeX Companion for explanation.
Type  H <return>  for immediate help.
 ...                                              
                                                  
l.27 ^^I^^I$
            r = a_1v_1 + a_2v_2 + \cdots + a_mv_m$
You're in trouble here.  Try typing  <return>  to proceed.
If that doesn't work, type  X <return>  to quit.


Overfull \hbox (35.34488pt too wide) in paragraph at lines 27--28
[]$\OML/cmm/m/it/10 r \OT1/cmr/m/n/10 =
 []


Overfull \hbox (26.88318pt too wide) in paragraph at lines 27--28
\OML/cmm/m/it/10 a[]v[] \OT1/cmr/m/n/10 +
 []


Overfull \hbox (26.88318pt too wide) in paragraph at lines 27--28
\OML/cmm/m/it/10 a[]v[] \OT1/cmr/m/n/10 +
 []


Overfull \hbox (19.44441pt too wide) in paragraph at lines 27--28
[] \OT1/cmr/m/n/10 +
 []


Overfull \hbox (25.32535pt too wide) in paragraph at lines 27--28
\OML/cmm/m/it/10 a[]v[]$ 
 []


! LaTeX Error: Missing \begin{document}.

See the LaTeX manual or LaTeX Companion for explanation.
Type  H <return>  for immediate help.
 ...                                              
                                                  
l.29 ^^I^^I$
            =b_1u_1 + b_2u_2 + \cdots + b_{n-m}u_{n-m}$
You're in trouble here.  Try typing  <return>  to proceed.
If that doesn't work, type  X <return>  to quit.


Overfull \hbox (27.7778pt too wide) in paragraph at lines 29--30
[]$\OT1/cmr/m/n/10 =
 []


Overfull \hbox (26.7663pt too wide) in paragraph at lines 29--30
\OML/cmm/m/it/10 b[]u[] \OT1/cmr/m/n/10 +
 []


Overfull \hbox (26.7663pt too wide) in paragraph at lines 29--30
\OML/cmm/m/it/10 b[]u[] \OT1/cmr/m/n/10 +
 []


Overfull \hbox (19.44441pt too wide) in paragraph at lines 29--30
[] \OT1/cmr/m/n/10 +
 []


Overfull \hbox (47.59515pt too wide) in paragraph at lines 29--30
\OML/cmm/m/it/10 b[]u[]$ 
 []


! LaTeX Error: Missing \begin{document}.

See the LaTeX manual or LaTeX Companion for explanation.
Type  H <return>  for immediate help.
 ...                                              
                                                  
l.31 ^^I^^I$
            =c_1v_1 + \cdots + c_mv_m + d_1u_1 + \cdots + d_{n-m}u_{n-m}$
You're in trouble here.  Try typing  <return>  to proceed.
If that doesn't work, type  X <return>  to quit.


Overfull \hbox (27.7778pt too wide) in paragraph at lines 31--32
[]$\OT1/cmr/m/n/10 =
 []


Overfull \hbox (25.92485pt too wide) in paragraph at lines 31--32
\OML/cmm/m/it/10 c[]v[] \OT1/cmr/m/n/10 +
 []


Overfull \hbox (19.44441pt too wide) in paragraph at lines 31--32
[] \OT1/cmr/m/n/10 +
 []


Overfull \hbox (32.14482pt too wide) in paragraph at lines 31--32
\OML/cmm/m/it/10 c[]v[] \OT1/cmr/m/n/10 +
 []


Overfull \hbox (27.6795pt too wide) in paragraph at lines 31--32
\OML/cmm/m/it/10 d[]u[] \OT1/cmr/m/n/10 +
 []


Overfull \hbox (19.44441pt too wide) in paragraph at lines 31--32
[] \OT1/cmr/m/n/10 +
 []


Overfull \hbox (48.50836pt too wide) in paragraph at lines 31--32
\OML/cmm/m/it/10 d[]u[]$ 
 []


! LaTeX Error: Missing \begin{document}.

See the LaTeX manual or LaTeX Companion for explanation.
Type  H <return>  for immediate help.
 ...                                              
                                                  
l.33 ^^I^^I$
            \Rightarrow
You're in trouble here.  Try typing  <return>  to proceed.
If that doesn't work, type  X <return>  to quit.


Overfull \hbox (30.00002pt too wide) in paragraph at lines 33--38
[]$\OMS/cmsy/m/n/10 )
 []


Overfull \hbox (30.01366pt too wide) in paragraph at lines 33--38
[] \OML/cmm/m/it/10 c[] \OMS/cmsy/m/n/10 ^^@
 []


Overfull \hbox (30.77208pt too wide) in paragraph at lines 33--38
\OML/cmm/m/it/10 a[]\OT1/cmr/m/n/10 )\OML/cmm/m/it/10 v[] \OT1/cmr/m/n/10 +
 []


Overfull \hbox (19.44441pt too wide) in paragraph at lines 33--38
[] \OT1/cmr/m/n/10 +
 []


Overfull \hbox (23.59038pt too wide) in paragraph at lines 33--38
\OT1/cmr/m/n/10 (\OML/cmm/m/it/10 c[] \OMS/cmsy/m/n/10 ^^@
 []


Overfull \hbox (36.99205pt too wide) in paragraph at lines 33--38
\OML/cmm/m/it/10 a[]\OT1/cmr/m/n/10 )\OML/cmm/m/it/10 v[] \OT1/cmr/m/n/10 +
 []


Overfull \hbox (27.6795pt too wide) in paragraph at lines 33--38
\OML/cmm/m/it/10 d[]u[] \OT1/cmr/m/n/10 +
 []


Overfull \hbox (19.44441pt too wide) in paragraph at lines 33--38
[] \OT1/cmr/m/n/10 +
 []


Overfull \hbox (59.06387pt too wide) in paragraph at lines 33--38
\OML/cmm/m/it/10 d[]u[] \OT1/cmr/m/n/10 =
 []


Overfull \hbox (5.00002pt too wide) in paragraph at lines 33--38
\OT1/cmr/m/n/10 0[] 
 []


Overfull \hbox (25.92485pt too wide) in paragraph at lines 33--38
\OML/cmm/m/it/10 c[]v[] \OT1/cmr/m/n/10 +
 []


Overfull \hbox (19.44441pt too wide) in paragraph at lines 33--38
[] \OT1/cmr/m/n/10 +
 []


Overfull \hbox (32.14482pt too wide) in paragraph at lines 33--38
\OML/cmm/m/it/10 c[]v[] \OT1/cmr/m/n/10 +
 []


Overfull \hbox (21.3577pt too wide) in paragraph at lines 33--38
\OT1/cmr/m/n/10 (\OML/cmm/m/it/10 d[] \OMS/cmsy/m/n/10 ^^@
 []


Overfull \hbox (30.6552pt too wide) in paragraph at lines 33--38
\OML/cmm/m/it/10 b[]\OT1/cmr/m/n/10 )\OML/cmm/m/it/10 u[] \OT1/cmr/m/n/10 +
 []


Overfull \hbox (19.44441pt too wide) in paragraph at lines 33--38
[] \OT1/cmr/m/n/10 +
 []


Overfull \hbox (35.66103pt too wide) in paragraph at lines 33--38
\OT1/cmr/m/n/10 (\OML/cmm/m/it/10 d[] \OMS/cmsy/m/n/10 ^^@
 []


Overfull \hbox (26.97002pt too wide) in paragraph at lines 33--38
\OML/cmm/m/it/10 b[]\OT1/cmr/m/n/10 )$ 
 []


! LaTeX Error: Missing \begin{document}.

See the LaTeX manual or LaTeX Companion for explanation.
Type  H <return>  for immediate help.
 ...                                              
                                                  
l.39 ^^I^^I$
            \Rightarrow c_1 = a_1,c_2=a_2,\cdots,c_m=a_m,d_1=b_1,\cdots,d_{n...

You're in trouble here.  Try typing  <return>  to proceed.
If that doesn't work, type  X <return>  to quit.


Overfull \hbox (30.00002pt too wide) in paragraph at lines 39--40
[]$\OMS/cmsy/m/n/10 )
 []


Overfull \hbox (19.3692pt too wide) in paragraph at lines 39--40
\OML/cmm/m/it/10 c[] \OT1/cmr/m/n/10 =
 []


Overfull \hbox (33.58563pt too wide) in paragraph at lines 39--40
\OML/cmm/m/it/10 a[]; c[] \OT1/cmr/m/n/10 =
 []


Overfull \hbox (54.47327pt too wide) in paragraph at lines 39--40
\OML/cmm/m/it/10 a[]; [] ; c[] \OT1/cmr/m/n/10 =
 []


Overfull \hbox (37.57292pt too wide) in paragraph at lines 39--40
\OML/cmm/m/it/10 a[]; d[] \OT1/cmr/m/n/10 =
 []


Overfull \hbox (65.54968pt too wide) in paragraph at lines 39--40
\OML/cmm/m/it/10 b[]; [] ; d[] \OT1/cmr/m/n/10 =
 []


Overfull \hbox (23.08112pt too wide) in paragraph at lines 39--40
\OML/cmm/m/it/10 b[]$ 
 []


! LaTeX Error: Missing \begin{document}.

See the LaTeX manual or LaTeX Companion for explanation.
Type  H <return>  for immediate help.
 ...                                              
                                                  
l.41 ^^I^^I$
            \Rightarrow r = r+r \Rightarrow r=0 \rightarrow\leftarrow$
You're in trouble here.  Try typing  <return>  to proceed.
If that doesn't work, type  X <return>  to quit.


Overfull \hbox (30.00002pt too wide) in paragraph at lines 41--42
[]$\OMS/cmsy/m/n/10 )
 []


Overfull \hbox (15.34488pt too wide) in paragraph at lines 41--42
\OML/cmm/m/it/10 r \OT1/cmr/m/n/10 =
 []


Overfull \hbox (12.56717pt too wide) in paragraph at lines 41--42
\OML/cmm/m/it/10 r \OT1/cmr/m/n/10 +
 []


Overfull \hbox (17.5671pt too wide) in paragraph at lines 41--42
\OML/cmm/m/it/10 r \OMS/cmsy/m/n/10 )
 []


Overfull \hbox (15.34488pt too wide) in paragraph at lines 41--42
\OML/cmm/m/it/10 r \OT1/cmr/m/n/10 =
 []


Overfull \hbox (27.77776pt too wide) in paragraph at lines 41--42
\OT1/cmr/m/n/10 0 \OMS/cmsy/m/n/10 ! $ 
 []


! LaTeX Error: Missing \begin{document}.

See the LaTeX manual or LaTeX Companion for explanation.
Type  H <return>  for immediate help.
 ...                                              
                                                  
l.43 ^^I^^I$
            \therefore W_1 \cap W_2 = \{0\}$^^I^^I
You're in trouble here.  Try typing  <return>  to proceed.
If that doesn't work, type  X <return>  to quit.

! Undefined control sequence.
<recently read> \therefore 
                           
l.43 ^^I^^I$\therefore
                       W_1 \cap W_2 = \{0\}$^^I^^I
The control sequence at the end of the top line
of your error message was never \def'ed. If you have
misspelled it (e.g., `\hobx'), type `I' and the correct
spelling (e.g., `I\hbox'). Otherwise just continue,
and I'll forget about whatever was undefined.


! LaTeX Error: \begin{document} ended by \end{solution}.

See the LaTeX manual or LaTeX Companion for explanation.
Type  H <return>  for immediate help.
 ...                                              
                                                  
l.44 ^^I\end{solution}
                      
Your command was ignored.
Type  I <command> <return>  to replace it with another command,
or  <return>  to continue without it.


! LaTeX Error: \begin{document} ended by \end{tcolorbox}.

See the LaTeX manual or LaTeX Companion for explanation.
Type  H <return>  for immediate help.
 ...                                              
                                                  
l.45 \end{tcolorbox}
                    
Your command was ignored.
Type  I <command> <return>  to replace it with another command,
or  <return>  to continue without it.

)
! Emergency stop.
<*> ./1_6_34.tex
                
*** (job aborted, no legal \end found)

 
Here is how much of TeX's memory you used:
 59 strings out of 410673
 1049 string characters out of 2816368
 310329 words of memory out of 3000000
 21177 multiletter control sequences out of 15000+600000
 469570 words of font info for 30 fonts, out of 8000000 for 9000
 1348 hyphenation exceptions out of 8191
 26i,7n,28p,194b,137s stack positions out of 10000i,1000n,20000p,200000b,80000s
No pages of output.
